Determining if the pthread_create exist failed with the following output:
Change Dir: /home/ray/projects/tz_utils/build/CMakeFiles/CMakeTmp

Run Build Command:"/usr/bin/make" "cmTC_663fb/fast"
/usr/bin/make -f CMakeFiles/cmTC_663fb.dir/build.make CMakeFiles/cmTC_663fb.dir/build
make[1]: Entering directory '/home/ray/projects/tz_utils/build/CMakeFiles/CMakeTmp'
Building C object CMakeFiles/cmTC_663fb.dir/CheckSymbolExists.c.o
/usr/bin/cc     -o CMakeFiles/cmTC_663fb.dir/CheckSymbolExists.c.o   -c /home/ray/projects/tz_utils/build/CMakeFiles/CMakeTmp/CheckSymbolExists.c
Linking C executable cmTC_663fb
/usr/bin/cmake -E cmake_link_script CMakeFiles/cmTC_663fb.dir/link.txt --verbose=1
/usr/bin/cc       CMakeFiles/cmTC_663fb.dir/CheckSymbolExists.c.o  -o cmTC_663fb -rdynamic 
CMakeFiles/cmTC_663fb.dir/CheckSymbolExists.c.o: In function `main':
CheckSymbolExists.c:(.text+0x1b): undefined reference to `pthread_create'
collect2: error: ld returned 1 exit status
CMakeFiles/cmTC_663fb.dir/build.make:97: recipe for target 'cmTC_663fb' failed
make[1]: *** [cmTC_663fb] Error 1
make[1]: Leaving directory '/home/ray/projects/tz_utils/build/CMakeFiles/CMakeTmp'
Makefile:126: recipe for target 'cmTC_663fb/fast' failed
make: *** [cmTC_663fb/fast] Error 2

File /home/ray/projects/tz_utils/build/CMakeFiles/CMakeTmp/CheckSymbolExists.c:
/* */
#include <pthread.h>

int main(int argc, char** argv)
{
  (void)argv;
#ifndef pthread_create
  return ((int*)(&pthread_create))[argc];
#else
  (void)argc;
  return 0;
#endif
}

Determining if the function pthread_create exists in the pthreads failed with the following output:
Change Dir: /home/ray/projects/tz_utils/build/CMakeFiles/CMakeTmp

Run Build Command:"/usr/bin/make" "cmTC_4159b/fast"
/usr/bin/make -f CMakeFiles/cmTC_4159b.dir/build.make CMakeFiles/cmTC_4159b.dir/build
make[1]: Entering directory '/home/ray/projects/tz_utils/build/CMakeFiles/CMakeTmp'
Building C object CMakeFiles/cmTC_4159b.dir/CheckFunctionExists.c.o
/usr/bin/cc    -DCHECK_FUNCTION_EXISTS=pthread_create   -o CMakeFiles/cmTC_4159b.dir/CheckFunctionExists.c.o   -c /usr/share/cmake-3.5/Modules/CheckFunctionExists.c
Linking C executable cmTC_4159b
/usr/bin/cmake -E cmake_link_script CMakeFiles/cmTC_4159b.dir/link.txt --verbose=1
/usr/bin/cc   -DCHECK_FUNCTION_EXISTS=pthread_create    CMakeFiles/cmTC_4159b.dir/CheckFunctionExists.c.o  -o cmTC_4159b -rdynamic -lpthreads 
/usr/bin/ld: cannot find -lpthreads
collect2: error: ld returned 1 exit status
CMakeFiles/cmTC_4159b.dir/build.make:97: recipe for target 'cmTC_4159b' failed
make[1]: *** [cmTC_4159b] Error 1
make[1]: Leaving directory '/home/ray/projects/tz_utils/build/CMakeFiles/CMakeTmp'
Makefile:126: recipe for target 'cmTC_4159b/fast' failed
make: *** [cmTC_4159b/fast] Error 2


